  Source.cpp
C:\Users\Vicio\source\repos\ROBasedTextGame\ROBasedTextGame\Source.cpp(46,20): warning C4018: '<': signed/unsigned mismatch
C:\Users\Vicio\source\repos\ROBasedTextGame\ROBasedTextGame\Source.cpp(52,20): warning C4018: '<': signed/unsigned mismatch
C:\Users\Vicio\source\repos\ROBasedTextGame\ROBasedTextGame\Source.cpp(58,20): warning C4018: '<': signed/unsigned mismatch
C:\Users\Vicio\source\repos\ROBasedTextGame\ROBasedTextGame\Source.cpp(63,20): warning C4018: '<': signed/unsigned mismatch
C:\Users\Vicio\source\repos\ROBasedTextGame\ROBasedTextGame\Source.cpp(69,20): warning C4018: '<': signed/unsigned mismatch
C:\Users\Vicio\source\repos\ROBasedTextGame\ROBasedTextGame\Source.cpp(144,20): warning C4018: '<': signed/unsigned mismatch
C:\Users\Vicio\source\repos\ROBasedTextGame\ROBasedTextGame\Source.cpp(149,20): warning C4018: '<': signed/unsigned mismatch
C:\Users\Vicio\source\repos\ROBasedTextGame\ROBasedTextGame\Source.cpp(157,20): warning C4018: '<': signed/unsigned mismatch
C:\Users\Vicio\source\repos\ROBasedTextGame\ROBasedTextGame\Source.cpp(173,21): warning C4018: '<': signed/unsigned mismatch
C:\Users\Vicio\source\repos\ROBasedTextGame\ROBasedTextGame\Source.cpp(178,21): warning C4018: '<': signed/unsigned mismatch
C:\Users\Vicio\source\repos\ROBasedTextGame\ROBasedTextGame\Source.cpp(191,21): warning C4018: '<': signed/unsigned mismatch
C:\Users\Vicio\source\repos\ROBasedTextGame\ROBasedTextGame\Source.cpp(196,21): warning C4018: '<': signed/unsigned mismatch
C:\Users\Vicio\source\repos\ROBasedTextGame\ROBasedTextGame\Source.cpp(209,21): warning C4018: '<': signed/unsigned mismatch
C:\Users\Vicio\source\repos\ROBasedTextGame\ROBasedTextGame\Source.cpp(214,21): warning C4018: '<': signed/unsigned mismatch
C:\Users\Vicio\source\repos\ROBasedTextGame\ROBasedTextGame\Source.cpp(236,20): warning C4018: '<': signed/unsigned mismatch
C:\Users\Vicio\source\repos\ROBasedTextGame\ROBasedTextGame\Source.cpp(241,20): warning C4018: '<': signed/unsigned mismatch
C:\Users\Vicio\source\repos\ROBasedTextGame\ROBasedTextGame\Source.cpp(246,20): warning C4018: '<': signed/unsigned mismatch
C:\Users\Vicio\source\repos\ROBasedTextGame\ROBasedTextGame\Source.cpp(252,20): warning C4018: '<': signed/unsigned mismatch
C:\Users\Vicio\source\repos\ROBasedTextGame\ROBasedTextGame\Source.cpp(261,12): warning C4244: 'argument': conversion from 'time_t' to 'unsigned int', possible loss of data
C:\Users\Vicio\source\repos\ROBasedTextGame\ROBasedTextGame\Source.cpp(357,23): warning C4018: '<': signed/unsigned mismatch
C:\Users\Vicio\source\repos\ROBasedTextGame\ROBasedTextGame\Source.cpp(792,12): warning C4244: 'argument': conversion from 'time_t' to 'unsigned int', possible loss of data
C:\Users\Vicio\source\repos\ROBasedTextGame\ROBasedTextGame\Source.cpp(838,20): warning C4018: '<': signed/unsigned mismatch
C:\Users\Vicio\source\repos\ROBasedTextGame\ROBasedTextGame\Source.cpp(844,20): warning C4018: '<': signed/unsigned mismatch
C:\Users\Vicio\source\repos\ROBasedTextGame\ROBasedTextGame\Source.cpp(851,20): warning C4018: '<': signed/unsigned mismatch
C:\Users\Vicio\source\repos\ROBasedTextGame\ROBasedTextGame\Source.cpp(857,20): warning C4018: '<': signed/unsigned mismatch
C:\Users\Vicio\source\repos\ROBasedTextGame\ROBasedTextGame\Source.cpp(863,20): warning C4018: '<': signed/unsigned mismatch
C:\Users\Vicio\source\repos\ROBasedTextGame\ROBasedTextGame\Source.cpp(886,20): warning C4018: '<': signed/unsigned mismatch
C:\Users\Vicio\source\repos\ROBasedTextGame\ROBasedTextGame\Source.cpp(892,20): warning C4018: '<': signed/unsigned mismatch
C:\Users\Vicio\source\repos\ROBasedTextGame\ROBasedTextGame\Source.cpp(898,20): warning C4018: '<': signed/unsigned mismatch
C:\Users\Vicio\source\repos\ROBasedTextGame\ROBasedTextGame\Source.cpp(904,20): warning C4018: '<': signed/unsigned mismatch
C:\Users\Vicio\source\repos\ROBasedTextGame\ROBasedTextGame\Source.cpp(920,20): warning C4018: '<': signed/unsigned mismatch
C:\Users\Vicio\source\repos\ROBasedTextGame\ROBasedTextGame\Source.cpp(925,20): warning C4018: '<': signed/unsigned mismatch
C:\Users\Vicio\source\repos\ROBasedTextGame\ROBasedTextGame\Source.cpp(930,20): warning C4018: '<': signed/unsigned mismatch
C:\Users\Vicio\source\repos\ROBasedTextGame\ROBasedTextGame\Source.cpp(935,20): warning C4018: '<': signed/unsigned mismatch
C:\Users\Vicio\source\repos\ROBasedTextGame\ROBasedTextGame\Source.cpp(941,20): warning C4018: '<': signed/unsigned mismatch
C:\Users\Vicio\source\repos\ROBasedTextGame\ROBasedTextGame\Source.cpp(975,21): warning C4018: '<': signed/unsigned mismatch
C:\Users\Vicio\source\repos\ROBasedTextGame\ROBasedTextGame\Source.cpp(980,21): warning C4018: '<': signed/unsigned mismatch
C:\Users\Vicio\source\repos\ROBasedTextGame\ROBasedTextGame\Source.cpp(985,21): warning C4018: '<': signed/unsigned mismatch
C:\Users\Vicio\source\repos\ROBasedTextGame\ROBasedTextGame\Source.cpp(991,21): warning C4018: '<': signed/unsigned mismatch
C:\Users\Vicio\source\repos\ROBasedTextGame\ROBasedTextGame\Source.cpp(1243,20): warning C4018: '<': signed/unsigned mismatch
C:\Users\Vicio\source\repos\ROBasedTextGame\ROBasedTextGame\Source.cpp(1250,20): warning C4018: '<': signed/unsigned mismatch
C:\Users\Vicio\source\repos\ROBasedTextGame\ROBasedTextGame\Source.cpp(1257,20): warning C4018: '<': signed/unsigned mismatch
C:\Users\Vicio\source\repos\ROBasedTextGame\ROBasedTextGame\Source.cpp(1288,22): warning C4018: '<': signed/unsigned mismatch
C:\Users\Vicio\source\repos\ROBasedTextGame\ROBasedTextGame\Source.cpp(1295,23): warning C4018: '<': signed/unsigned mismatch
C:\Users\Vicio\source\repos\ROBasedTextGame\ROBasedTextGame\Source.cpp(1304,23): warning C4018: '<': signed/unsigned mismatch
C:\Users\Vicio\source\repos\ROBasedTextGame\ROBasedTextGame\Source.cpp(1315,23): warning C4018: '<': signed/unsigned mismatch
C:\Users\Vicio\source\repos\ROBasedTextGame\ROBasedTextGame\Source.cpp(1319,23): warning C4018: '<': signed/unsigned mismatch
C:\Users\Vicio\source\repos\ROBasedTextGame\ROBasedTextGame\Source.cpp(1336,22): warning C4018: '<': signed/unsigned mismatch
C:\Users\Vicio\source\repos\ROBasedTextGame\ROBasedTextGame\Source.cpp(1343,23): warning C4018: '<': signed/unsigned mismatch
C:\Users\Vicio\source\repos\ROBasedTextGame\ROBasedTextGame\Source.cpp(1352,23): warning C4018: '<': signed/unsigned mismatch
C:\Users\Vicio\source\repos\ROBasedTextGame\ROBasedTextGame\Source.cpp(1363,23): warning C4018: '<': signed/unsigned mismatch
C:\Users\Vicio\source\repos\ROBasedTextGame\ROBasedTextGame\Source.cpp(1367,23): warning C4018: '<': signed/unsigned mismatch
C:\Users\Vicio\source\repos\ROBasedTextGame\ROBasedTextGame\Source.cpp(1397,22): warning C4018: '<': signed/unsigned mismatch
C:\Users\Vicio\source\repos\ROBasedTextGame\ROBasedTextGame\Source.cpp(1404,23): warning C4018: '<': signed/unsigned mismatch
C:\Users\Vicio\source\repos\ROBasedTextGame\ROBasedTextGame\Source.cpp(1413,23): warning C4018: '<': signed/unsigned mismatch
C:\Users\Vicio\source\repos\ROBasedTextGame\ROBasedTextGame\Source.cpp(1424,23): warning C4018: '<': signed/unsigned mismatch
C:\Users\Vicio\source\repos\ROBasedTextGame\ROBasedTextGame\Source.cpp(1428,23): warning C4018: '<': signed/unsigned mismatch
C:\Users\Vicio\source\repos\ROBasedTextGame\ROBasedTextGame\Source.cpp(1441,22): warning C4018: '<': signed/unsigned mismatch
C:\Users\Vicio\source\repos\ROBasedTextGame\ROBasedTextGame\Source.cpp(1448,23): warning C4018: '<': signed/unsigned mismatch
C:\Users\Vicio\source\repos\ROBasedTextGame\ROBasedTextGame\Source.cpp(1457,23): warning C4018: '<': signed/unsigned mismatch
C:\Users\Vicio\source\repos\ROBasedTextGame\ROBasedTextGame\Source.cpp(1468,23): warning C4018: '<': signed/unsigned mismatch
C:\Users\Vicio\source\repos\ROBasedTextGame\ROBasedTextGame\Source.cpp(1472,23): warning C4018: '<': signed/unsigned mismatch
C:\Users\Vicio\source\repos\ROBasedTextGame\ROBasedTextGame\Source.cpp(1489,22): warning C4018: '<': signed/unsigned mismatch
C:\Users\Vicio\source\repos\ROBasedTextGame\ROBasedTextGame\Source.cpp(1496,23): warning C4018: '<': signed/unsigned mismatch
C:\Users\Vicio\source\repos\ROBasedTextGame\ROBasedTextGame\Source.cpp(1505,23): warning C4018: '<': signed/unsigned mismatch
C:\Users\Vicio\source\repos\ROBasedTextGame\ROBasedTextGame\Source.cpp(1516,23): warning C4018: '<': signed/unsigned mismatch
C:\Users\Vicio\source\repos\ROBasedTextGame\ROBasedTextGame\Source.cpp(1520,23): warning C4018: '<': signed/unsigned mismatch
C:\Users\Vicio\source\repos\ROBasedTextGame\ROBasedTextGame\Source.cpp(1549,22): warning C4018: '<': signed/unsigned mismatch
C:\Users\Vicio\source\repos\ROBasedTextGame\ROBasedTextGame\Source.cpp(1556,23): warning C4018: '<': signed/unsigned mismatch
C:\Users\Vicio\source\repos\ROBasedTextGame\ROBasedTextGame\Source.cpp(1565,23): warning C4018: '<': signed/unsigned mismatch
C:\Users\Vicio\source\repos\ROBasedTextGame\ROBasedTextGame\Source.cpp(1576,23): warning C4018: '<': signed/unsigned mismatch
C:\Users\Vicio\source\repos\ROBasedTextGame\ROBasedTextGame\Source.cpp(1580,23): warning C4018: '<': signed/unsigned mismatch
C:\Users\Vicio\source\repos\ROBasedTextGame\ROBasedTextGame\Source.cpp(1597,22): warning C4018: '<': signed/unsigned mismatch
C:\Users\Vicio\source\repos\ROBasedTextGame\ROBasedTextGame\Source.cpp(1606,23): warning C4018: '<': signed/unsigned mismatch
C:\Users\Vicio\source\repos\ROBasedTextGame\ROBasedTextGame\Source.cpp(1612,23): warning C4018: '<': signed/unsigned mismatch
  player.cpp
  Generating code
  7 of 203 functions ( 3.4%) were compiled, the rest were copied from previous compilation.
    0 functions were new in current compilation
    0 functions had inline decision re-evaluated but remain unchanged
  Finished generating code
  ROBasedTextGame.vcxproj -> C:\Users\Vicio\source\repos\ROBasedTextGame\Release\ROBasedTextGame.exe
